<?xml version="1.0" encoding="UTF-8"?>
<!-- Generated by org.testng.reporters.JUnitReportReporter -->
<testsuite skipped="0" hostname="LAPTOP-DULAB47M" name="com.crm.qa.testcases.LoginPageTest" tests="3" failures="0" timestamp="05 Jul 2020 09:09:06 GMT" time="38.743" errors="0">
  <testcase name="loginPageTitleTest" time="10.755" classname="com.crm.qa.testcases.LoginPageTest"/>
  <testcase name="crmLogoImageTest" time="10.755" classname="com.crm.qa.testcases.LoginPageTest"/>
  <testcase name="loginTest" time="17.233" classname="com.crm.qa.testcases.LoginPageTest"/>
</testsuite> <!-- com.crm.qa.testcases.LoginPageTest -->
