<?xml version="1.0" encoding="UTF-8"?>
<!-- Generated by org.testng.reporters.JUnitReportReporter -->
<testsuite skipped="0" hostname="LAPTOP-DULAB47M" name="com.crm.qa.testcases.HomePageTest" tests="3" failures="0" timestamp="05 Jul 2020 09:09:06 GMT" time="53.435" errors="0">
  <testcase name="verifyHomePageTitleTest" time="16.994" classname="com.crm.qa.testcases.HomePageTest"/>
  <testcase name="verifyUserNameTest" time="17.504" classname="com.crm.qa.testcases.HomePageTest"/>
  <testcase name="verifyContactsLinkTest" time="18.937" classname="com.crm.qa.testcases.HomePageTest"/>
</testsuite> <!-- com.crm.qa.testcases.HomePageTest -->
